<?xml version="1.0" encoding="UTF-8"?>
<!-- Generated by org.testng.reporters.JUnitXMLReporter -->
<testsuite ignored="0" hostname="LAP043" failures="0" tests="3" name="Automation Run" time="0.092" errors="0" timestamp="2022-05-24T17:09:26 IST">
  <testcase classname="com.automation.animalbiome.ABTestNG" name="OpeningWebApplication" time="0.015"/>
  <testcase classname="com.automation.animalbiome.ABTestNG" name="SignupProcess" time="0.002"/>
  <testcase classname="com.automation.animalbiome.ABTestNG" name="Signingout_NewUser" time="0.001"/>
</testsuite> <!-- Automation Run -->
