<?xml version="1.0" encoding="UTF-8"?>
<!-- Generated by org.testng.reporters.JUnitXMLReporter -->
<testsuite ignored="0" hostname="pranitha-sa" failures="0" tests="2" name="Signup_Newuser" time="64.994" errors="0" timestamp="2022-06-10T14:57:22 IST">
  <testcase classname="com.automation.animalbiome.Signup_Newuser" name="OpeningWebApplication" time="7.137"/>
  <testcase classname="com.automation.animalbiome.Signup_Newuser" name="SignupProcess" time="57.81"/>
</testsuite> <!-- Signup_Newuser -->
