<?xml version="1.0" encoding="UTF-8"?>
<!-- Generated by org.testng.reporters.JUnitXMLReporter -->
<testsuite ignored="0" hostname="LAP043" failures="0" tests="2" name="Signup_Newuser" time="68.958" errors="0" timestamp="2022-07-12T20:08:01 IST">
  <testcase classname="com.automation.animalbiome.Signup_Newuser" name="OpeningWebApplication" time="9.179"/>
  <testcase classname="com.automation.animalbiome.Signup_Newuser" name="SignupProcess" time="59.708"/>
</testsuite> <!-- Signup_Newuser -->
